---------------
Mar 02 2016 7:49 -- inspect
System Inspection Results: 
------------------------------
NA: Webserver => Apache/2.2.29 (Unix) mod_fastcgi/2.4.6 mod_wsgi/3.4 Python/2.7.8 PHP/5.6.2 mod_ssl/2.2.29 OpenSSL/0.9.8zg DAV/2 mod_perl/2.0.8 Perl/v5.20.0
NA: HTTP Host => localhost:8888
NA: Path_Translated => /Applications/MAMP/htdocs/shop.solagecalistoga/zc_install/index.php(SCRIPT_FILENAME)
NA: Real Path => /Applications/MAMP/htdocs/shop.solagecalistoga
NA: Server Free Disk Space => 87.25 GB
NA: PHP O/S => Darwin
NA: PHP API Mode => apache2handler
NA: PHP Max Execution Time per page => 30
OK: MySQL Support => ON
OK: PHP Version => 5.6.2
OK: PHP Sessions Support => ON
OK: PHP Session.AutoStart => OFF
OK: PHP session.use_trans_sid => OFF
OK: Suggested SQL Cache Folder => /Applications/MAMP/htdocs/shop.solagecalistoga/cache
OK: PHP GD Support => ON
OK: GD Version => GD bundled (2.1.0 compatible)
OK: PHP ZLIB Compression Support => ON
OK: PHP OpenSSL Support => ON
OK: PHP cURL Support => ON
OK: CURL NON-SSL Capability => Okay
OK: CURL SSL Capability => Okay
OK: PHP Upload Support => ON  upload_max_filesize=32M;  post_max_size=32M
OK: PHP Upload TMP dir => /Applications/MAMP/tmp/php
OK: Apache .htaccess Support => ON
NA: PHP include_path => .:/Applications/MAMP/bin/php/php5.6.2/lib/php
NA: PHP SMTP destination => localhost
NA: PHP sendmail path => /usr/sbin/sendmail -t -i 
NA: PHP sendmail 'from' => 
OK: PHP open_basedir restrictions => 
WARN: PHP Output Buffering (gzip) => OFF
OK: PHP XML Support => ON
OK: PHP Session.Save_Path => /Applications/MAMP/htdocs/shop.solagecalistoga/cache-->Writeable
OK: includes/configure.php =>  Writeable
OK: admin/includes/configure.php =>  Writeable
OK: cache => OK 777 read/write/execute
OK: images => OK 777 read/write/execute (INCLUDE SUBDIRECTORIES TOO)
OK: includes/languages/english/html_includes => OK 777 read/write (INCLUDE SUBDIRECTORIES TOO)
OK: logs => OK 777 read/write/execute
OK: media => OK 777 read/write/execute
OK: pub => OK 777 read/write/execute
OK: admin/backups => OK 777 read/write
OK: admin/images/graphs => OK 777 read/write/execute
PHP Extensions compiled: Core, date, ereg, libxml, openssl, pcre, sqlite3, zlib, bcmath, bz2, calendar, ctype, curl, dom, hash, fileinfo, filter, ftp, gd, SPL, iconv, intl, json, ldap, mbstring, mysql, mysqli, session, PDO, pdo_sqlite, standard, posix, Reflection, Phar, SimpleXML, soap, sockets, exif, tokenizer, wddx, xml, xmlreader, xmlwriter, xsl, zip, apache2handler, imap, yaz, mcrypt, gettext, pgsql, pdo_pgsql, pdo_mysql
------------------------------


---------------
Mar 02 2016 7:49 -- database_setup1
Installer - Page: database_setup -- collected information: Array
(
    [language] => english
    [DIR_FS_SQL_CACHE] => /Applications/MAMP/htdocs/shop.solagecalistoga/cache
    [DB_TYPE] => mysql
    [DB_PREFIX] => 
    [DB_CHARSET] => utf8
    [DB_SERVER] => localhost
    [DB_SERVER_USERNAME] => *****
    [DB_SERVER_PASSWORD] => ***private***
    [DB_DATABASE] => shopzc
    [SQL_CACHE_METHOD] => none
)


---------------
Mar 02 2016 7:54 -- admin_setup
FATAL: Password not secure enough. Requires letters and numbers, and at least 7 characters.

